# Logfile created on 2021-03-20 21:34:20 -0300 by logger.rb/61378
D, [2021-03-20T21:34:24.232717 #7476] DEBUG -- : MONGODB | Topology type 'unknown' initializing.
D, [2021-03-20T21:34:24.233018 #7476] DEBUG -- : MONGODB | There was a change in the members of the 'Unknown' topology.
D, [2021-03-20T21:34:24.233166 #7476] DEBUG -- : MONGODB | Server rocklov-db:27017 initializing.
D, [2021-03-20T21:34:24.233315 #7476] DEBUG -- : MONGODB | Waiting for up to 30.00 seconds for servers to be scanned: #<Cluster topology=Unknown[rocklov-db:27017] servers=[#<Server address=rocklov-db:27017 UNKNOWN>]>
D, [2021-03-20T21:34:24.245697 #7476] DEBUG -- : MONGODB | Server description for rocklov-db:27017 changed from 'unknown' to 'standalone'.
D, [2021-03-20T21:34:24.246032 #7476] DEBUG -- : MONGODB | Topology type 'Unknown' changed to type 'Single'.
D, [2021-03-20T21:34:24.258325 #7476] DEBUG -- : MONGODB | Server description for rocklov-db:27017 changed from 'standalone' to 'standalone'.
D, [2021-03-20T21:34:24.258511 #7476] DEBUG -- : MONGODB | There was a change in the members of the 'Single' topology.
D, [2021-03-20T21:34:24.259077 #7476] DEBUG -- : MONGODB | rocklov-db:27017 req:7 conn:1:1 sconn:27 | rocklov.delete | STARTED | {"delete"=>"users", "ordered"=>true, "deletes"=>[{"q"=>{"email"=>"evra@evra.com"}, "limit"=>0}], "$db"=>"rocklov", "lsid"=>{"id"=><BSON::Binary:0x67236820 type=uuid data=0x3aa3dd838c5d458c...>}}
D, [2021-03-20T21:34:24.270002 #7476] DEBUG -- : MONGODB | rocklov-db:27017 req:7 | rocklov.delete | SUCCEEDED | 0.011s
D, [2021-03-20T21:34:25.232965 #7476] DEBUG -- : MONGODB | Server description for rocklov-db:27017 changed from 'standalone' to 'standalone'.
D, [2021-03-20T21:34:25.233175 #7476] DEBUG -- : MONGODB | There was a change in the members of the 'Single' topology.
D, [2021-03-20T21:34:25.233586 #7476] DEBUG -- : MONGODB | rocklov-db:27017 req:9 conn:1:2 sconn:29 | admin.endSessions | STARTED | {"endSessions"=>[{"id"=><BSON::Binary:0x67236820 type=uuid data=0x3aa3dd838c5d458c...>}], "$db"=>"admin"}
D, [2021-03-20T21:34:25.244552 #7476] DEBUG -- : MONGODB | rocklov-db:27017 req:9 | admin.endSessions | SUCCEEDED | 0.011s
D, [2021-03-24T19:49:16.241878 #7700] DEBUG -- : MONGODB | Topology type 'unknown' initializing.
D, [2021-03-24T19:49:16.243443 #7700] DEBUG -- : MONGODB | There was a change in the members of the 'Unknown' topology.
D, [2021-03-24T19:49:16.243765 #7700] DEBUG -- : MONGODB | Server rocklov-db:27017 initializing.
D, [2021-03-24T19:49:16.244229 #7700] DEBUG -- : MONGODB | Waiting for up to 30.00 seconds for servers to be scanned: #<Cluster topology=Unknown[rocklov-db:27017] servers=[#<Server address=rocklov-db:27017 UNKNOWN>]>
D, [2021-03-24T19:49:16.259261 #7700] DEBUG -- : MONGODB | Server description for rocklov-db:27017 changed from 'unknown' to 'standalone'.
D, [2021-03-24T19:49:16.259588 #7700] DEBUG -- : MONGODB | Topology type 'Unknown' changed to type 'Single'.
D, [2021-03-24T19:49:16.279533 #7700] DEBUG -- : MONGODB | Server description for rocklov-db:27017 changed from 'standalone' to 'standalone'.
D, [2021-03-24T19:49:16.279890 #7700] DEBUG -- : MONGODB | There was a change in the members of the 'Single' topology.
D, [2021-03-24T19:49:16.283583 #7700] DEBUG -- : MONGODB | rocklov-db:27017 req:7 conn:1:1 sconn:3 | rocklov.delete | STARTED | {"delete"=>"users", "ordered"=>true, "deletes"=>[{"q"=>{"email"=>"evra@evra.com"}, "limit"=>0}], "$db"=>"rocklov", "lsid"=>{"id"=><BSON::Binary:0x65176940 type=uuid data=0x396b656b431b4705...>}}
D, [2021-03-24T19:49:16.285488 #7700] DEBUG -- : MONGODB | rocklov-db:27017 req:7 | rocklov.delete | SUCCEEDED | 0.001s
D, [2021-03-24T19:49:26.273018 #7700] DEBUG -- : MONGODB | Server description for rocklov-db:27017 changed from 'standalone' to 'standalone'.
D, [2021-03-24T19:49:26.273385 #7700] DEBUG -- : MONGODB | There was a change in the members of the 'Single' topology.
D, [2021-03-24T19:49:26.818926 #7700] DEBUG -- : MONGODB | Server description for rocklov-db:27017 changed from 'standalone' to 'standalone'.
D, [2021-03-24T19:49:26.819243 #7700] DEBUG -- : MONGODB | There was a change in the members of the 'Single' topology.
D, [2021-03-24T19:49:26.820044 #7700] DEBUG -- : MONGODB | rocklov-db:27017 req:9 conn:1:2 sconn:5 | admin.endSessions | STARTED | {"endSessions"=>[{"id"=><BSON::Binary:0x65176940 type=uuid data=0x396b656b431b4705...>}], "$db"=>"admin"}
D, [2021-03-24T19:49:26.822259 #7700] DEBUG -- : MONGODB | rocklov-db:27017 req:9 | admin.endSessions | SUCCEEDED | 0.002s
D, [2021-03-24T20:35:26.237837 #9604] DEBUG -- : MONGODB | Topology type 'unknown' initializing.
D, [2021-03-24T20:35:26.239322 #9604] DEBUG -- : MONGODB | There was a change in the members of the 'Unknown' topology.
D, [2021-03-24T20:35:26.239706 #9604] DEBUG -- : MONGODB | Server rocklov-db:27017 initializing.
D, [2021-03-24T20:35:26.240296 #9604] DEBUG -- : MONGODB | Waiting for up to 30.00 seconds for servers to be scanned: #<Cluster topology=Unknown[rocklov-db:27017] servers=[#<Server address=rocklov-db:27017 UNKNOWN>]>
D, [2021-03-24T20:35:26.244983 #9604] DEBUG -- : MONGODB | Server description for rocklov-db:27017 changed from 'unknown' to 'standalone'.
D, [2021-03-24T20:35:26.245451 #9604] DEBUG -- : MONGODB | Topology type 'Unknown' changed to type 'Single'.
D, [2021-03-24T20:35:26.262808 #9604] DEBUG -- : MONGODB | Server description for rocklov-db:27017 changed from 'standalone' to 'standalone'.
D, [2021-03-24T20:35:26.263124 #9604] DEBUG -- : MONGODB | There was a change in the members of the 'Single' topology.
D, [2021-03-24T20:35:26.264732 #9604] DEBUG -- : MONGODB | rocklov-db:27017 req:7 conn:1:1 sconn:3 | rocklov.delete | STARTED | {"delete"=>"users", "ordered"=>true, "deletes"=>[{"q"=>{"email"=>"evra@evra.com"}, "limit"=>0}], "$db"=>"rocklov", "lsid"=>{"id"=><BSON::Binary:0x66093320 type=uuid data=0x4bf3a45173fe4525...>}}
D, [2021-03-24T20:35:26.267858 #9604] DEBUG -- : MONGODB | rocklov-db:27017 req:7 | rocklov.delete | SUCCEEDED | 0.003s
D, [2021-03-24T20:35:36.251614 #9604] DEBUG -- : MONGODB | Server description for rocklov-db:27017 changed from 'standalone' to 'standalone'.
D, [2021-03-24T20:35:36.252645 #9604] DEBUG -- : MONGODB | There was a change in the members of the 'Single' topology.
D, [2021-03-24T20:35:36.840486 #9604] DEBUG -- : MONGODB | Server description for rocklov-db:27017 changed from 'standalone' to 'standalone'.
D, [2021-03-24T20:35:36.841398 #9604] DEBUG -- : MONGODB | There was a change in the members of the 'Single' topology.
D, [2021-03-24T20:35:36.843350 #9604] DEBUG -- : MONGODB | rocklov-db:27017 req:9 conn:1:2 sconn:5 | admin.endSessions | STARTED | {"endSessions"=>[{"id"=><BSON::Binary:0x66093320 type=uuid data=0x4bf3a45173fe4525...>}], "$db"=>"admin"}
D, [2021-03-24T20:35:36.855821 #9604] DEBUG -- : MONGODB | rocklov-db:27017 req:9 | admin.endSessions | SUCCEEDED | 0.012s
D, [2021-03-24T20:46:44.781382 #9784] DEBUG -- : MONGODB | Topology type 'unknown' initializing.
D, [2021-03-24T20:46:44.783286 #9784] DEBUG -- : MONGODB | There was a change in the members of the 'Unknown' topology.
D, [2021-03-24T20:46:44.783741 #9784] DEBUG -- : MONGODB | Server rocklov-db:27017 initializing.
D, [2021-03-24T20:46:44.784240 #9784] DEBUG -- : MONGODB | Waiting for up to 30.00 seconds for servers to be scanned: #<Cluster topology=Unknown[rocklov-db:27017] servers=[#<Server address=rocklov-db:27017 UNKNOWN>]>
D, [2021-03-24T20:46:44.798091 #9784] DEBUG -- : MONGODB | Server description for rocklov-db:27017 changed from 'unknown' to 'standalone'.
D, [2021-03-24T20:46:44.798619 #9784] DEBUG -- : MONGODB | Topology type 'Unknown' changed to type 'Single'.
D, [2021-03-24T20:46:44.812452 #9784] DEBUG -- : MONGODB | Server description for rocklov-db:27017 changed from 'standalone' to 'standalone'.
D, [2021-03-24T20:46:44.812702 #9784] DEBUG -- : MONGODB | There was a change in the members of the 'Single' topology.
D, [2021-03-24T20:46:44.813485 #9784] DEBUG -- : MONGODB | rocklov-db:27017 req:7 conn:1:1 sconn:11 | rocklov.delete | STARTED | {"delete"=>"users", "ordered"=>true, "deletes"=>[{"q"=>{"email"=>"evra@evra.com"}, "limit"=>0}], "$db"=>"rocklov", "lsid"=>{"id"=><BSON::Binary:0x65793260 type=uuid data=0xd198f2b5cefd4b25...>}}
D, [2021-03-24T20:46:44.824929 #9784] DEBUG -- : MONGODB | rocklov-db:27017 req:7 | rocklov.delete | SUCCEEDED | 0.011s
D, [2021-03-24T20:46:54.823174 #9784] DEBUG -- : MONGODB | Server description for rocklov-db:27017 changed from 'standalone' to 'standalone'.
D, [2021-03-24T20:46:54.823755 #9784] DEBUG -- : MONGODB | There was a change in the members of the 'Single' topology.
D, [2021-03-24T20:46:55.091637 #9784] DEBUG -- : MONGODB | Server description for rocklov-db:27017 changed from 'standalone' to 'standalone'.
D, [2021-03-24T20:46:55.091894 #9784] DEBUG -- : MONGODB | There was a change in the members of the 'Single' topology.
D, [2021-03-24T20:46:55.092662 #9784] DEBUG -- : MONGODB | rocklov-db:27017 req:9 conn:1:2 sconn:13 | admin.endSessions | STARTED | {"endSessions"=>[{"id"=><BSON::Binary:0x65793260 type=uuid data=0xd198f2b5cefd4b25...>}], "$db"=>"admin"}
D, [2021-03-24T20:46:55.104456 #9784] DEBUG -- : MONGODB | rocklov-db:27017 req:9 | admin.endSessions | SUCCEEDED | 0.012s
D, [2021-03-24T20:48:09.895355 #5620] DEBUG -- : MONGODB | Topology type 'unknown' initializing.
D, [2021-03-24T20:48:09.895900 #5620] DEBUG -- : MONGODB | There was a change in the members of the 'Unknown' topology.
D, [2021-03-24T20:48:09.896171 #5620] DEBUG -- : MONGODB | Server rocklov-db:27017 initializing.
D, [2021-03-24T20:48:09.896664 #5620] DEBUG -- : MONGODB | Waiting for up to 30.00 seconds for servers to be scanned: #<Cluster topology=Unknown[rocklov-db:27017] servers=[#<Server address=rocklov-db:27017 UNKNOWN>]>
D, [2021-03-24T20:48:09.910004 #5620] DEBUG -- : MONGODB | Server description for rocklov-db:27017 changed from 'unknown' to 'standalone'.
D, [2021-03-24T20:48:09.910695 #5620] DEBUG -- : MONGODB | Topology type 'Unknown' changed to type 'Single'.
D, [2021-03-24T20:48:09.924325 #5620] DEBUG -- : MONGODB | Server description for rocklov-db:27017 changed from 'standalone' to 'standalone'.
D, [2021-03-24T20:48:09.924569 #5620] DEBUG -- : MONGODB | There was a change in the members of the 'Single' topology.
D, [2021-03-24T20:48:09.925392 #5620] DEBUG -- : MONGODB | rocklov-db:27017 req:7 conn:1:1 sconn:15 | rocklov.delete | STARTED | {"delete"=>"users", "ordered"=>true, "deletes"=>[{"q"=>{"email"=>"evra@evra.com"}, "limit"=>0}], "$db"=>"rocklov", "lsid"=>{"id"=><BSON::Binary:0x52756860 type=uuid data=0x4f4c9f7aa03c4a7d...>}}
D, [2021-03-24T20:48:09.936920 #5620] DEBUG -- : MONGODB | rocklov-db:27017 req:7 | rocklov.delete | SUCCEEDED | 0.011s
D, [2021-03-24T20:48:16.011596 #5620] DEBUG -- : MONGODB | Server description for rocklov-db:27017 changed from 'standalone' to 'standalone'.
D, [2021-03-24T20:48:16.011943 #5620] DEBUG -- : MONGODB | There was a change in the members of the 'Single' topology.
D, [2021-03-24T20:48:16.012580 #5620] DEBUG -- : MONGODB | rocklov-db:27017 req:9 conn:1:2 sconn:16 | admin.endSessions | STARTED | {"endSessions"=>[{"id"=><BSON::Binary:0x52756860 type=uuid data=0x4f4c9f7aa03c4a7d...>}], "$db"=>"admin"}
D, [2021-03-24T20:48:16.024010 #5620] DEBUG -- : MONGODB | rocklov-db:27017 req:9 | admin.endSessions | SUCCEEDED | 0.011s
D, [2021-03-25T19:08:06.498410 #10044] DEBUG -- : MONGODB | Topology type 'unknown' initializing.
D, [2021-03-25T19:08:06.500273 #10044] DEBUG -- : MONGODB | There was a change in the members of the 'Unknown' topology.
D, [2021-03-25T19:08:06.502371 #10044] DEBUG -- : MONGODB | Server rocklov-db:27017 initializing.
D, [2021-03-25T19:08:06.502990 #10044] DEBUG -- : MONGODB | Waiting for up to 30.00 seconds for servers to be scanned: #<Cluster topology=Unknown[rocklov-db:27017] servers=[#<Server address=rocklov-db:27017 UNKNOWN>]>
D, [2021-03-25T19:08:06.521356 #10044] DEBUG -- : MONGODB | Server description for rocklov-db:27017 changed from 'unknown' to 'standalone'.
D, [2021-03-25T19:08:06.521916 #10044] DEBUG -- : MONGODB | Topology type 'Unknown' changed to type 'Single'.
D, [2021-03-25T19:08:06.537586 #10044] DEBUG -- : MONGODB | Server description for rocklov-db:27017 changed from 'standalone' to 'standalone'.
D, [2021-03-25T19:08:06.538432 #10044] DEBUG -- : MONGODB | There was a change in the members of the 'Single' topology.
D, [2021-03-25T19:08:06.541292 #10044] DEBUG -- : MONGODB | rocklov-db:27017 req:7 conn:1:1 sconn:3 | rocklov.delete | STARTED | {"delete"=>"users", "ordered"=>true, "deletes"=>[{"q"=>{"email"=>"evra@evra.com"}, "limit"=>0}], "$db"=>"rocklov", "lsid"=>{"id"=><BSON::Binary:0x53689500 type=uuid data=0x800a252afa2c4d55...>}}
D, [2021-03-25T19:08:06.556126 #10044] DEBUG -- : MONGODB | rocklov-db:27017 req:7 | rocklov.delete | SUCCEEDED | 0.014s
D, [2021-03-25T19:08:08.359836 #10044] DEBUG -- : MONGODB | Server description for rocklov-db:27017 changed from 'standalone' to 'standalone'.
D, [2021-03-25T19:08:08.361220 #10044] DEBUG -- : MONGODB | There was a change in the members of the 'Single' topology.
D, [2021-03-25T19:08:08.364230 #10044] DEBUG -- : MONGODB | rocklov-db:27017 req:9 conn:1:2 sconn:5 | admin.endSessions | STARTED | {"endSessions"=>[{"id"=><BSON::Binary:0x53689500 type=uuid data=0x800a252afa2c4d55...>}], "$db"=>"admin"}
D, [2021-03-25T19:08:08.377265 #10044] DEBUG -- : MONGODB | rocklov-db:27017 req:9 | admin.endSessions | SUCCEEDED | 0.012s
D, [2021-03-25T19:12:36.043076 #3480] DEBUG -- : MONGODB | Topology type 'unknown' initializing.
D, [2021-03-25T19:12:36.043767 #3480] DEBUG -- : MONGODB | There was a change in the members of the 'Unknown' topology.
D, [2021-03-25T19:12:36.044235 #3480] DEBUG -- : MONGODB | Server rocklov-db:27017 initializing.
D, [2021-03-25T19:12:36.044616 #3480] DEBUG -- : MONGODB | Waiting for up to 30.00 seconds for servers to be scanned: #<Cluster topology=Unknown[rocklov-db:27017] servers=[#<Server address=rocklov-db:27017 UNKNOWN>]>
D, [2021-03-25T19:12:36.063106 #3480] DEBUG -- : MONGODB | Server description for rocklov-db:27017 changed from 'unknown' to 'standalone'.
D, [2021-03-25T19:12:36.064050 #3480] DEBUG -- : MONGODB | Topology type 'Unknown' changed to type 'Single'.
D, [2021-03-25T19:12:36.069775 #3480] DEBUG -- : MONGODB | Server description for rocklov-db:27017 changed from 'standalone' to 'standalone'.
D, [2021-03-25T19:12:36.070412 #3480] DEBUG -- : MONGODB | There was a change in the members of the 'Single' topology.
D, [2021-03-25T19:12:36.071970 #3480] DEBUG -- : MONGODB | rocklov-db:27017 req:7 conn:1:1 sconn:7 | rocklov.delete | STARTED | {"delete"=>"users", "ordered"=>true, "deletes"=>[{"q"=>{"email"=>"evra@evra.com"}, "limit"=>0}], "$db"=>"rocklov", "lsid"=>{"id"=><BSON::Binary:0x52950900 type=uuid data=0x5234f8443cd34d9a...>}}
D, [2021-03-25T19:12:36.075326 #3480] DEBUG -- : MONGODB | rocklov-db:27017 req:7 | rocklov.delete | SUCCEEDED | 0.002s
D, [2021-03-25T19:12:37.668429 #3480] DEBUG -- : MONGODB | Server description for rocklov-db:27017 changed from 'standalone' to 'standalone'.
D, [2021-03-25T19:12:37.669052 #3480] DEBUG -- : MONGODB | There was a change in the members of the 'Single' topology.
D, [2021-03-25T19:12:37.670358 #3480] DEBUG -- : MONGODB | rocklov-db:27017 req:9 conn:1:2 sconn:8 | admin.endSessions | STARTED | {"endSessions"=>[{"id"=><BSON::Binary:0x52950900 type=uuid data=0x5234f8443cd34d9a...>}], "$db"=>"admin"}
D, [2021-03-25T19:12:37.682813 #3480] DEBUG -- : MONGODB | rocklov-db:27017 req:9 | admin.endSessions | SUCCEEDED | 0.012s
D, [2021-03-25T19:18:19.878475 #1344] DEBUG -- : MONGODB | Topology type 'unknown' initializing.
D, [2021-03-25T19:18:19.879749 #1344] DEBUG -- : MONGODB | There was a change in the members of the 'Unknown' topology.
D, [2021-03-25T19:18:19.880143 #1344] DEBUG -- : MONGODB | Server rocklov-db:27017 initializing.
D, [2021-03-25T19:18:19.880607 #1344] DEBUG -- : MONGODB | Waiting for up to 30.00 seconds for servers to be scanned: #<Cluster topology=Unknown[rocklov-db:27017] servers=[#<Server address=rocklov-db:27017 UNKNOWN>]>
D, [2021-03-25T19:18:19.897347 #1344] DEBUG -- : MONGODB | Server description for rocklov-db:27017 changed from 'unknown' to 'standalone'.
D, [2021-03-25T19:18:19.897949 #1344] DEBUG -- : MONGODB | Topology type 'Unknown' changed to type 'Single'.
D, [2021-03-25T19:18:19.921941 #1344] DEBUG -- : MONGODB | Server description for rocklov-db:27017 changed from 'standalone' to 'standalone'.
D, [2021-03-25T19:18:19.922440 #1344] DEBUG -- : MONGODB | There was a change in the members of the 'Single' topology.
D, [2021-03-25T19:18:19.923817 #1344] DEBUG -- : MONGODB | rocklov-db:27017 req:7 conn:1:1 sconn:10 | rocklov.delete | STARTED | {"delete"=>"users", "ordered"=>true, "deletes"=>[{"q"=>{"email"=>"evra@evra.com"}, "limit"=>0}], "$db"=>"rocklov", "lsid"=>{"id"=><BSON::Binary:0x66357020 type=uuid data=0x4e127f3eeb7f465f...>}}
D, [2021-03-25T19:18:19.935135 #1344] DEBUG -- : MONGODB | rocklov-db:27017 req:7 | rocklov.delete | SUCCEEDED | 0.007s
D, [2021-03-25T19:18:21.463314 #1344] DEBUG -- : MONGODB | Topology type 'unknown' initializing.
D, [2021-03-25T19:18:21.464010 #1344] DEBUG -- : MONGODB | There was a change in the members of the 'Unknown' topology.
D, [2021-03-25T19:18:21.464427 #1344] DEBUG -- : MONGODB | Server rocklov-db:27017 initializing.
D, [2021-03-25T19:18:21.464873 #1344] DEBUG -- : MONGODB | Waiting for up to 30.00 seconds for servers to be scanned: #<Cluster topology=Unknown[rocklov-db:27017] servers=[#<Server address=rocklov-db:27017 UNKNOWN>]>
D, [2021-03-25T19:18:21.478342 #1344] DEBUG -- : MONGODB | Server description for rocklov-db:27017 changed from 'unknown' to 'standalone'.
D, [2021-03-25T19:18:21.478670 #1344] DEBUG -- : MONGODB | Topology type 'Unknown' changed to type 'Single'.
D, [2021-03-25T19:18:21.494334 #1344] DEBUG -- : MONGODB | Server description for rocklov-db:27017 changed from 'standalone' to 'standalone'.
D, [2021-03-25T19:18:21.494775 #1344] DEBUG -- : MONGODB | There was a change in the members of the 'Single' topology.
D, [2021-03-25T19:18:21.495775 #1344] DEBUG -- : MONGODB | rocklov-db:27017 req:10 conn:1:1 sconn:12 | rocklov.delete | STARTED | {"delete"=>"users", "ordered"=>true, "deletes"=>[{"q"=>{"email"=>""}, "limit"=>0}], "$db"=>"rocklov", "lsid"=>{"id"=><BSON::Binary:0x67632000 type=uuid data=0x5bdaee3146f94d26...>}}
D, [2021-03-25T19:18:21.507372 #1344] DEBUG -- : MONGODB | rocklov-db:27017 req:10 | rocklov.delete | SUCCEEDED | 0.011s
D, [2021-03-25T19:18:22.591022 #1344] DEBUG -- : MONGODB | Topology type 'unknown' initializing.
D, [2021-03-25T19:18:22.591578 #1344] DEBUG -- : MONGODB | There was a change in the members of the 'Unknown' topology.
D, [2021-03-25T19:18:22.591882 #1344] DEBUG -- : MONGODB | Server rocklov-db:27017 initializing.
D, [2021-03-25T19:18:22.592241 #1344] DEBUG -- : MONGODB | Waiting for up to 30.00 seconds for servers to be scanned: #<Cluster topology=Unknown[rocklov-db:27017] servers=[#<Server address=rocklov-db:27017 UNKNOWN>]>
D, [2021-03-25T19:18:22.598007 #1344] DEBUG -- : MONGODB | Server description for rocklov-db:27017 changed from 'unknown' to 'standalone'.
D, [2021-03-25T19:18:22.598417 #1344] DEBUG -- : MONGODB | Topology type 'Unknown' changed to type 'Single'.
D, [2021-03-25T19:18:22.612524 #1344] DEBUG -- : MONGODB | Server description for rocklov-db:27017 changed from 'standalone' to 'standalone'.
D, [2021-03-25T19:18:22.612812 #1344] DEBUG -- : MONGODB | There was a change in the members of the 'Single' topology.
D, [2021-03-25T19:18:22.613417 #1344] DEBUG -- : MONGODB | rocklov-db:27017 req:13 conn:1:1 sconn:14 | rocklov.delete | STARTED | {"delete"=>"users", "ordered"=>true, "deletes"=>[{"q"=>{"email"=>"evra.evra.com"}, "limit"=>0}], "$db"=>"rocklov", "lsid"=>{"id"=><BSON::Binary:0x51955900 type=uuid data=0xc1f79692892d4766...>}}
D, [2021-03-25T19:18:22.625242 #1344] DEBUG -- : MONGODB | rocklov-db:27017 req:13 | rocklov.delete | SUCCEEDED | 0.012s
D, [2021-03-25T19:18:23.733390 #1344] DEBUG -- : MONGODB | Topology type 'unknown' initializing.
D, [2021-03-25T19:18:23.734160 #1344] DEBUG -- : MONGODB | There was a change in the members of the 'Unknown' topology.
D, [2021-03-25T19:18:23.734750 #1344] DEBUG -- : MONGODB | Server rocklov-db:27017 initializing.
D, [2021-03-25T19:18:23.745892 #1344] DEBUG -- : MONGODB | Waiting for up to 29.99 seconds for servers to be scanned: #<Cluster topology=Unknown[rocklov-db:27017] servers=[#<Server address=rocklov-db:27017 UNKNOWN>]>
D, [2021-03-25T19:18:23.775269 #1344] DEBUG -- : MONGODB | Server description for rocklov-db:27017 changed from 'unknown' to 'standalone'.
D, [2021-03-25T19:18:23.777007 #1344] DEBUG -- : MONGODB | Topology type 'Unknown' changed to type 'Single'.
D, [2021-03-25T19:18:23.802259 #1344] DEBUG -- : MONGODB | Server description for rocklov-db:27017 changed from 'standalone' to 'standalone'.
D, [2021-03-25T19:18:23.802606 #1344] DEBUG -- : MONGODB | There was a change in the members of the 'Single' topology.
D, [2021-03-25T19:18:23.803501 #1344] DEBUG -- : MONGODB | rocklov-db:27017 req:16 conn:1:1 sconn:16 | rocklov.delete | STARTED | {"delete"=>"users", "ordered"=>true, "deletes"=>[{"q"=>{"email"=>"evra@evra.com"}, "limit"=>0}], "$db"=>"rocklov", "lsid"=>{"id"=><BSON::Binary:0x70436680 type=uuid data=0x48353b31e53c4895...>}}
D, [2021-03-25T19:18:23.814834 #1344] DEBUG -- : MONGODB | rocklov-db:27017 req:16 | rocklov.delete | SUCCEEDED | 0.011s
D, [2021-03-25T19:18:24.835758 #1344] DEBUG -- : MONGODB | Server description for rocklov-db:27017 changed from 'standalone' to 'standalone'.
D, [2021-03-25T19:18:24.836207 #1344] DEBUG -- : MONGODB | There was a change in the members of the 'Single' topology.
D, [2021-03-25T19:18:24.836783 #1344] DEBUG -- : MONGODB | rocklov-db:27017 req:18 conn:1:2 sconn:17 | admin.endSessions | STARTED | {"endSessions"=>[{"id"=><BSON::Binary:0x70436680 type=uuid data=0x48353b31e53c4895...>}], "$db"=>"admin"}
D, [2021-03-25T19:18:24.848519 #1344] DEBUG -- : MONGODB | rocklov-db:27017 req:18 | admin.endSessions | SUCCEEDED | 0.012s
D, [2021-03-25T19:18:24.863406 #1344] DEBUG -- : MONGODB | Server description for rocklov-db:27017 changed from 'standalone' to 'standalone'.
D, [2021-03-25T19:18:24.863678 #1344] DEBUG -- : MONGODB | There was a change in the members of the 'Single' topology.
D, [2021-03-25T19:18:24.864375 #1344] DEBUG -- : MONGODB | rocklov-db:27017 req:20 conn:1:2 sconn:18 | admin.endSessions | STARTED | {"endSessions"=>[{"id"=><BSON::Binary:0x51955900 type=uuid data=0xc1f79692892d4766...>}], "$db"=>"admin"}
D, [2021-03-25T19:18:24.875254 #1344] DEBUG -- : MONGODB | rocklov-db:27017 req:20 | admin.endSessions | SUCCEEDED | 0.011s
D, [2021-03-25T19:18:24.890138 #1344] DEBUG -- : MONGODB | Server description for rocklov-db:27017 changed from 'standalone' to 'standalone'.
D, [2021-03-25T19:18:24.890443 #1344] DEBUG -- : MONGODB | There was a change in the members of the 'Single' topology.
D, [2021-03-25T19:18:24.891055 #1344] DEBUG -- : MONGODB | rocklov-db:27017 req:22 conn:1:2 sconn:19 | admin.endSessions | STARTED | {"endSessions"=>[{"id"=><BSON::Binary:0x67632000 type=uuid data=0x5bdaee3146f94d26...>}], "$db"=>"admin"}
D, [2021-03-25T19:18:24.902694 #1344] DEBUG -- : MONGODB | rocklov-db:27017 req:22 | admin.endSessions | SUCCEEDED | 0.011s
D, [2021-03-25T19:18:24.917474 #1344] DEBUG -- : MONGODB | Server description for rocklov-db:27017 changed from 'standalone' to 'standalone'.
D, [2021-03-25T19:18:24.917799 #1344] DEBUG -- : MONGODB | There was a change in the members of the 'Single' topology.
D, [2021-03-25T19:18:24.918714 #1344] DEBUG -- : MONGODB | rocklov-db:27017 req:24 conn:1:2 sconn:20 | admin.endSessions | STARTED | {"endSessions"=>[{"id"=><BSON::Binary:0x66357020 type=uuid data=0x4e127f3eeb7f465f...>}], "$db"=>"admin"}
D, [2021-03-25T19:18:24.929951 #1344] DEBUG -- : MONGODB | rocklov-db:27017 req:24 | admin.endSessions | SUCCEEDED | 0.011s
D, [2021-03-25T19:34:20.996311 #9036] DEBUG -- : MONGODB | Topology type 'unknown' initializing.
D, [2021-03-25T19:34:20.997004 #9036] DEBUG -- : MONGODB | There was a change in the members of the 'Unknown' topology.
D, [2021-03-25T19:34:20.997340 #9036] DEBUG -- : MONGODB | Server rocklov-db:27017 initializing.
D, [2021-03-25T19:34:20.997721 #9036] DEBUG -- : MONGODB | Waiting for up to 30.00 seconds for servers to be scanned: #<Cluster topology=Unknown[rocklov-db:27017] servers=[#<Server address=rocklov-db:27017 UNKNOWN>]>
D, [2021-03-25T19:34:21.013081 #9036] DEBUG -- : MONGODB | Server description for rocklov-db:27017 changed from 'unknown' to 'standalone'.
D, [2021-03-25T19:34:21.013792 #9036] DEBUG -- : MONGODB | Topology type 'Unknown' changed to type 'Single'.
D, [2021-03-25T19:34:21.029750 #9036] DEBUG -- : MONGODB | Server description for rocklov-db:27017 changed from 'standalone' to 'standalone'.
D, [2021-03-25T19:34:21.030252 #9036] DEBUG -- : MONGODB | There was a change in the members of the 'Single' topology.
D, [2021-03-25T19:34:21.032142 #9036] DEBUG -- : MONGODB | rocklov-db:27017 req:7 conn:1:1 sconn:22 | rocklov.delete | STARTED | {"delete"=>"users", "ordered"=>true, "deletes"=>[{"q"=>{"email"=>"evra@evra.com"}, "limit"=>0}], "$db"=>"rocklov", "lsid"=>{"id"=><BSON::Binary:0x65995960 type=uuid data=0x447e4f4231c34ad7...>}}
D, [2021-03-25T19:34:21.034050 #9036] DEBUG -- : MONGODB | rocklov-db:27017 req:7 | rocklov.delete | SUCCEEDED | 0.001s
D, [2021-03-25T19:34:22.656313 #9036] DEBUG -- : MONGODB | Topology type 'unknown' initializing.
D, [2021-03-25T19:34:22.656999 #9036] DEBUG -- : MONGODB | There was a change in the members of the 'Unknown' topology.
D, [2021-03-25T19:34:22.657345 #9036] DEBUG -- : MONGODB | Server rocklov-db:27017 initializing.
D, [2021-03-25T19:34:22.657813 #9036] DEBUG -- : MONGODB | Waiting for up to 30.00 seconds for servers to be scanned: #<Cluster topology=Unknown[rocklov-db:27017] servers=[#<Server address=rocklov-db:27017 UNKNOWN>]>
D, [2021-03-25T19:34:22.671822 #9036] DEBUG -- : MONGODB | Server description for rocklov-db:27017 changed from 'unknown' to 'standalone'.
D, [2021-03-25T19:34:22.672283 #9036] DEBUG -- : MONGODB | Topology type 'Unknown' changed to type 'Single'.
D, [2021-03-25T19:34:22.686267 #9036] DEBUG -- : MONGODB | Server description for rocklov-db:27017 changed from 'standalone' to 'standalone'.
D, [2021-03-25T19:34:22.686573 #9036] DEBUG -- : MONGODB | There was a change in the members of the 'Single' topology.
D, [2021-03-25T19:34:22.687475 #9036] DEBUG -- : MONGODB | rocklov-db:27017 req:10 conn:1:1 sconn:25 | rocklov.delete | STARTED | {"delete"=>"users", "ordered"=>true, "deletes"=>[{"q"=>{"email"=>"evra@evra.com"}, "limit"=>0}], "$db"=>"rocklov", "lsid"=>{"id"=><BSON::Binary:0x67278060 type=uuid data=0x7d7b904349324595...>}}
D, [2021-03-25T19:34:22.698740 #9036] DEBUG -- : MONGODB | rocklov-db:27017 req:10 | rocklov.delete | SUCCEEDED | 0.011s
D, [2021-03-25T19:34:23.802708 #9036] DEBUG -- : MONGODB | Topology type 'unknown' initializing.
D, [2021-03-25T19:34:23.803281 #9036] DEBUG -- : MONGODB | There was a change in the members of the 'Unknown' topology.
D, [2021-03-25T19:34:23.803623 #9036] DEBUG -- : MONGODB | Server rocklov-db:27017 initializing.
D, [2021-03-25T19:34:23.804036 #9036] DEBUG -- : MONGODB | Waiting for up to 30.00 seconds for servers to be scanned: #<Cluster topology=Unknown[rocklov-db:27017] servers=[#<Server address=rocklov-db:27017 UNKNOWN>]>
D, [2021-03-25T19:34:23.817965 #9036] DEBUG -- : MONGODB | Server description for rocklov-db:27017 changed from 'unknown' to 'standalone'.
D, [2021-03-25T19:34:23.818417 #9036] DEBUG -- : MONGODB | Topology type 'Unknown' changed to type 'Single'.
D, [2021-03-25T19:34:23.832661 #9036] DEBUG -- : MONGODB | Server description for rocklov-db:27017 changed from 'standalone' to 'standalone'.
D, [2021-03-25T19:34:23.833209 #9036] DEBUG -- : MONGODB | There was a change in the members of the 'Single' topology.
D, [2021-03-25T19:34:23.833915 #9036] DEBUG -- : MONGODB | rocklov-db:27017 req:13 conn:1:1 sconn:27 | rocklov.delete | STARTED | {"delete"=>"users", "ordered"=>true, "deletes"=>[{"q"=>{"email"=>""}, "limit"=>0}], "$db"=>"rocklov", "lsid"=>{"id"=><BSON::Binary:0x50603360 type=uuid data=0xe991ee2c5b8844b0...>}}
D, [2021-03-25T19:34:23.844999 #9036] DEBUG -- : MONGODB | rocklov-db:27017 req:13 | rocklov.delete | SUCCEEDED | 0.011s
D, [2021-03-25T19:34:24.922413 #9036] DEBUG -- : MONGODB | Topology type 'unknown' initializing.
D, [2021-03-25T19:34:24.922870 #9036] DEBUG -- : MONGODB | There was a change in the members of the 'Unknown' topology.
D, [2021-03-25T19:34:24.923138 #9036] DEBUG -- : MONGODB | Server rocklov-db:27017 initializing.
D, [2021-03-25T19:34:24.923508 #9036] DEBUG -- : MONGODB | Waiting for up to 30.00 seconds for servers to be scanned: #<Cluster topology=Unknown[rocklov-db:27017] servers=[#<Server address=rocklov-db:27017 UNKNOWN>]>
D, [2021-03-25T19:34:24.936913 #9036] DEBUG -- : MONGODB | Server description for rocklov-db:27017 changed from 'unknown' to 'standalone'.
D, [2021-03-25T19:34:24.937400 #9036] DEBUG -- : MONGODB | Topology type 'Unknown' changed to type 'Single'.
D, [2021-03-25T19:34:24.951575 #9036] DEBUG -- : MONGODB | Server description for rocklov-db:27017 changed from 'standalone' to 'standalone'.
D, [2021-03-25T19:34:24.951946 #9036] DEBUG -- : MONGODB | There was a change in the members of the 'Single' topology.
D, [2021-03-25T19:34:24.952700 #9036] DEBUG -- : MONGODB | rocklov-db:27017 req:16 conn:1:1 sconn:29 | rocklov.delete | STARTED | {"delete"=>"users", "ordered"=>true, "deletes"=>[{"q"=>{"email"=>"evra.evra.com"}, "limit"=>0}], "$db"=>"rocklov", "lsid"=>{"id"=><BSON::Binary:0x69795160 type=uuid data=0x84fafbc059224dc5...>}}
D, [2021-03-25T19:34:24.965669 #9036] DEBUG -- : MONGODB | rocklov-db:27017 req:16 | rocklov.delete | SUCCEEDED | 0.012s
D, [2021-03-25T19:34:26.005505 #9036] DEBUG -- : MONGODB | Topology type 'unknown' initializing.
D, [2021-03-25T19:34:26.006032 #9036] DEBUG -- : MONGODB | There was a change in the members of the 'Unknown' topology.
D, [2021-03-25T19:34:26.006334 #9036] DEBUG -- : MONGODB | Server rocklov-db:27017 initializing.
D, [2021-03-25T19:34:26.006716 #9036] DEBUG -- : MONGODB | Waiting for up to 30.00 seconds for servers to be scanned: #<Cluster topology=Unknown[rocklov-db:27017] servers=[#<Server address=rocklov-db:27017 UNKNOWN>]>
D, [2021-03-25T19:34:26.020609 #9036] DEBUG -- : MONGODB | Server description for rocklov-db:27017 changed from 'unknown' to 'standalone'.
D, [2021-03-25T19:34:26.021076 #9036] DEBUG -- : MONGODB | Topology type 'Unknown' changed to type 'Single'.
D, [2021-03-25T19:34:26.027711 #9036] DEBUG -- : MONGODB | Server description for rocklov-db:27017 changed from 'standalone' to 'standalone'.
D, [2021-03-25T19:34:26.028540 #9036] DEBUG -- : MONGODB | There was a change in the members of the 'Single' topology.
D, [2021-03-25T19:34:26.029908 #9036] DEBUG -- : MONGODB | rocklov-db:27017 req:19 conn:1:1 sconn:31 | rocklov.delete | STARTED | {"delete"=>"users", "ordered"=>true, "deletes"=>[{"q"=>{"email"=>"evra&evra.com"}, "limit"=>0}], "$db"=>"rocklov", "lsid"=>{"id"=><BSON::Binary:0x67713560 type=uuid data=0x8582073e15cb43bf...>}}
D, [2021-03-25T19:34:26.032142 #9036] DEBUG -- : MONGODB | rocklov-db:27017 req:19 | rocklov.delete | SUCCEEDED | 0.002s
D, [2021-03-25T19:34:27.065815 #9036] DEBUG -- : MONGODB | Topology type 'unknown' initializing.
D, [2021-03-25T19:34:27.066332 #9036] DEBUG -- : MONGODB | There was a change in the members of the 'Unknown' topology.
D, [2021-03-25T19:34:27.066612 #9036] DEBUG -- : MONGODB | Server rocklov-db:27017 initializing.
D, [2021-03-25T19:34:27.066950 #9036] DEBUG -- : MONGODB | Waiting for up to 30.00 seconds for servers to be scanned: #<Cluster topology=Unknown[rocklov-db:27017] servers=[#<Server address=rocklov-db:27017 UNKNOWN>]>
D, [2021-03-25T19:34:27.073532 #9036] DEBUG -- : MONGODB | Server description for rocklov-db:27017 changed from 'unknown' to 'standalone'.
D, [2021-03-25T19:34:27.073944 #9036] DEBUG -- : MONGODB | Topology type 'Unknown' changed to type 'Single'.
D, [2021-03-25T19:34:27.087691 #9036] DEBUG -- : MONGODB | Server description for rocklov-db:27017 changed from 'standalone' to 'standalone'.
D, [2021-03-25T19:34:27.088027 #9036] DEBUG -- : MONGODB | There was a change in the members of the 'Single' topology.
D, [2021-03-25T19:34:27.088899 #9036] DEBUG -- : MONGODB | rocklov-db:27017 req:22 conn:1:1 sconn:33 | rocklov.delete | STARTED | {"delete"=>"users", "ordered"=>true, "deletes"=>[{"q"=>{"email"=>"evra@evra.com"}, "limit"=>0}], "$db"=>"rocklov", "lsid"=>{"id"=><BSON::Binary:0x65902260 type=uuid data=0x2a1987672a254816...>}}
D, [2021-03-25T19:34:27.100374 #9036] DEBUG -- : MONGODB | rocklov-db:27017 req:22 | rocklov.delete | SUCCEEDED | 0.011s
D, [2021-03-25T19:34:28.152687 #9036] DEBUG -- : MONGODB | Server description for rocklov-db:27017 changed from 'standalone' to 'standalone'.
D, [2021-03-25T19:34:28.153001 #9036] DEBUG -- : MONGODB | There was a change in the members of the 'Single' topology.
D, [2021-03-25T19:34:28.153690 #9036] DEBUG -- : MONGODB | rocklov-db:27017 req:24 conn:1:2 sconn:34 | admin.endSessions | STARTED | {"endSessions"=>[{"id"=><BSON::Binary:0x65902260 type=uuid data=0x2a1987672a254816...>}], "$db"=>"admin"}
D, [2021-03-25T19:34:28.165192 #9036] DEBUG -- : MONGODB | rocklov-db:27017 req:24 | admin.endSessions | SUCCEEDED | 0.011s
D, [2021-03-25T19:34:28.180113 #9036] DEBUG -- : MONGODB | Server description for rocklov-db:27017 changed from 'standalone' to 'standalone'.
D, [2021-03-25T19:34:28.180425 #9036] DEBUG -- : MONGODB | There was a change in the members of the 'Single' topology.
D, [2021-03-25T19:34:28.181278 #9036] DEBUG -- : MONGODB | rocklov-db:27017 req:26 conn:1:2 sconn:35 | admin.endSessions | STARTED | {"endSessions"=>[{"id"=><BSON::Binary:0x67713560 type=uuid data=0x8582073e15cb43bf...>}], "$db"=>"admin"}
D, [2021-03-25T19:34:28.192535 #9036] DEBUG -- : MONGODB | rocklov-db:27017 req:26 | admin.endSessions | SUCCEEDED | 0.011s
D, [2021-03-25T19:34:28.209295 #9036] DEBUG -- : MONGODB | Server description for rocklov-db:27017 changed from 'standalone' to 'standalone'.
D, [2021-03-25T19:34:28.209598 #9036] DEBUG -- : MONGODB | There was a change in the members of the 'Single' topology.
D, [2021-03-25T19:34:28.210253 #9036] DEBUG -- : MONGODB | rocklov-db:27017 req:28 conn:1:2 sconn:36 | admin.endSessions | STARTED | {"endSessions"=>[{"id"=><BSON::Binary:0x69795160 type=uuid data=0x84fafbc059224dc5...>}], "$db"=>"admin"}
D, [2021-03-25T19:34:28.221764 #9036] DEBUG -- : MONGODB | rocklov-db:27017 req:28 | admin.endSessions | SUCCEEDED | 0.011s
D, [2021-03-25T19:34:28.235697 #9036] DEBUG -- : MONGODB | Server description for rocklov-db:27017 changed from 'standalone' to 'standalone'.
D, [2021-03-25T19:34:28.235963 #9036] DEBUG -- : MONGODB | There was a change in the members of the 'Single' topology.
D, [2021-03-25T19:34:28.236792 #9036] DEBUG -- : MONGODB | rocklov-db:27017 req:30 conn:1:2 sconn:37 | admin.endSessions | STARTED | {"endSessions"=>[{"id"=><BSON::Binary:0x50603360 type=uuid data=0xe991ee2c5b8844b0...>}], "$db"=>"admin"}
D, [2021-03-25T19:34:28.248145 #9036] DEBUG -- : MONGODB | rocklov-db:27017 req:30 | admin.endSessions | SUCCEEDED | 0.011s
D, [2021-03-25T19:34:28.262642 #9036] DEBUG -- : MONGODB | Server description for rocklov-db:27017 changed from 'standalone' to 'standalone'.
D, [2021-03-25T19:34:28.262938 #9036] DEBUG -- : MONGODB | There was a change in the members of the 'Single' topology.
D, [2021-03-25T19:34:28.264096 #9036] DEBUG -- : MONGODB | rocklov-db:27017 req:32 conn:1:2 sconn:38 | admin.endSessions | STARTED | {"endSessions"=>[{"id"=><BSON::Binary:0x67278060 type=uuid data=0x7d7b904349324595...>}], "$db"=>"admin"}
D, [2021-03-25T19:34:28.276584 #9036] DEBUG -- : MONGODB | rocklov-db:27017 req:32 | admin.endSessions | SUCCEEDED | 0.012s
D, [2021-03-25T19:34:28.295364 #9036] DEBUG -- : MONGODB | Server description for rocklov-db:27017 changed from 'standalone' to 'standalone'.
D, [2021-03-25T19:34:28.295947 #9036] DEBUG -- : MONGODB | There was a change in the members of the 'Single' topology.
D, [2021-03-25T19:34:28.297054 #9036] DEBUG -- : MONGODB | rocklov-db:27017 req:34 conn:1:2 sconn:39 | admin.endSessions | STARTED | {"endSessions"=>[{"id"=><BSON::Binary:0x65995960 type=uuid data=0x447e4f4231c34ad7...>}], "$db"=>"admin"}
D, [2021-03-25T19:34:28.309321 #9036] DEBUG -- : MONGODB | rocklov-db:27017 req:34 | admin.endSessions | SUCCEEDED | 0.012s
D, [2021-03-25T20:09:54.811327 #1120] DEBUG -- : MONGODB | Topology type 'unknown' initializing.
D, [2021-03-25T20:09:54.813289 #1120] DEBUG -- : MONGODB | There was a change in the members of the 'Unknown' topology.
D, [2021-03-25T20:09:54.813562 #1120] DEBUG -- : MONGODB | Server rocklov-db:27017 initializing.
D, [2021-03-25T20:09:54.814020 #1120] DEBUG -- : MONGODB | Waiting for up to 30.00 seconds for servers to be scanned: #<Cluster topology=Unknown[rocklov-db:27017] servers=[#<Server address=rocklov-db:27017 UNKNOWN>]>
D, [2021-03-25T20:09:54.828436 #1120] DEBUG -- : MONGODB | Server description for rocklov-db:27017 changed from 'unknown' to 'standalone'.
D, [2021-03-25T20:09:54.828895 #1120] DEBUG -- : MONGODB | Topology type 'Unknown' changed to type 'Single'.
D, [2021-03-25T20:09:54.845866 #1120] DEBUG -- : MONGODB | Server description for rocklov-db:27017 changed from 'standalone' to 'standalone'.
D, [2021-03-25T20:09:54.846176 #1120] DEBUG -- : MONGODB | There was a change in the members of the 'Single' topology.
D, [2021-03-25T20:09:54.847327 #1120] DEBUG -- : MONGODB | rocklov-db:27017 req:7 conn:1:1 sconn:44 | rocklov.delete | STARTED | {"delete"=>"users", "ordered"=>true, "deletes"=>[{"q"=>{"email"=>"evra@evra.com"}, "limit"=>0}], "$db"=>"rocklov", "lsid"=>{"id"=><BSON::Binary:0x67453980 type=uuid data=0x23da6375a6c44219...>}}
D, [2021-03-25T20:09:54.860636 #1120] DEBUG -- : MONGODB | rocklov-db:27017 req:7 | rocklov.delete | SUCCEEDED | 0.013s
D, [2021-03-25T20:09:56.462942 #1120] DEBUG -- : MONGODB | Topology type 'unknown' initializing.
D, [2021-03-25T20:09:56.463407 #1120] DEBUG -- : MONGODB | There was a change in the members of the 'Unknown' topology.
D, [2021-03-25T20:09:56.463764 #1120] DEBUG -- : MONGODB | Server rocklov-db:27017 initializing.
D, [2021-03-25T20:09:56.464369 #1120] DEBUG -- : MONGODB | Waiting for up to 30.00 seconds for servers to be scanned: #<Cluster topology=Unknown[rocklov-db:27017] servers=[#<Server address=rocklov-db:27017 UNKNOWN>]>
D, [2021-03-25T20:09:56.477729 #1120] DEBUG -- : MONGODB | Server description for rocklov-db:27017 changed from 'unknown' to 'standalone'.
D, [2021-03-25T20:09:56.478072 #1120] DEBUG -- : MONGODB | Topology type 'Unknown' changed to type 'Single'.
D, [2021-03-25T20:09:56.492560 #1120] DEBUG -- : MONGODB | Server description for rocklov-db:27017 changed from 'standalone' to 'standalone'.
D, [2021-03-25T20:09:56.493008 #1120] DEBUG -- : MONGODB | There was a change in the members of the 'Single' topology.
D, [2021-03-25T20:09:56.493762 #1120] DEBUG -- : MONGODB | rocklov-db:27017 req:10 conn:1:1 sconn:46 | rocklov.delete | STARTED | {"delete"=>"users", "ordered"=>true, "deletes"=>[{"q"=>{"email"=>"evra@evra.com"}, "limit"=>0}], "$db"=>"rocklov", "lsid"=>{"id"=><BSON::Binary:0x68859660 type=uuid data=0xab241ef0919c4799...>}}
D, [2021-03-25T20:09:56.505815 #1120] DEBUG -- : MONGODB | rocklov-db:27017 req:10 | rocklov.delete | SUCCEEDED | 0.012s
D, [2021-03-25T20:09:57.725572 #1120] DEBUG -- : MONGODB | Topology type 'unknown' initializing.
D, [2021-03-25T20:09:57.726071 #1120] DEBUG -- : MONGODB | There was a change in the members of the 'Unknown' topology.
D, [2021-03-25T20:09:57.726410 #1120] DEBUG -- : MONGODB | Server rocklov-db:27017 initializing.
D, [2021-03-25T20:09:57.726992 #1120] DEBUG -- : MONGODB | Waiting for up to 30.00 seconds for servers to be scanned: #<Cluster topology=Unknown[rocklov-db:27017] servers=[#<Server address=rocklov-db:27017 UNKNOWN>]>
D, [2021-03-25T20:09:57.742354 #1120] DEBUG -- : MONGODB | Server description for rocklov-db:27017 changed from 'unknown' to 'standalone'.
D, [2021-03-25T20:09:57.743476 #1120] DEBUG -- : MONGODB | Topology type 'Unknown' changed to type 'Single'.
D, [2021-03-25T20:09:57.760596 #1120] DEBUG -- : MONGODB | Server description for rocklov-db:27017 changed from 'standalone' to 'standalone'.
D, [2021-03-25T20:09:57.761132 #1120] DEBUG -- : MONGODB | There was a change in the members of the 'Single' topology.
D, [2021-03-25T20:09:57.762286 #1120] DEBUG -- : MONGODB | rocklov-db:27017 req:13 conn:1:1 sconn:48 | rocklov.delete | STARTED | {"delete"=>"users", "ordered"=>true, "deletes"=>[{"q"=>{"email"=>""}, "limit"=>0}], "$db"=>"rocklov", "lsid"=>{"id"=><BSON::Binary:0x70213060 type=uuid data=0x07ca35409e1f4f46...>}}
D, [2021-03-25T20:09:57.774364 #1120] DEBUG -- : MONGODB | rocklov-db:27017 req:13 | rocklov.delete | SUCCEEDED | 0.011s
D, [2021-03-25T20:09:59.007903 #1120] DEBUG -- : MONGODB | Topology type 'unknown' initializing.
D, [2021-03-25T20:09:59.009248 #1120] DEBUG -- : MONGODB | There was a change in the members of the 'Unknown' topology.
D, [2021-03-25T20:09:59.009544 #1120] DEBUG -- : MONGODB | Server rocklov-db:27017 initializing.
D, [2021-03-25T20:09:59.009895 #1120] DEBUG -- : MONGODB | Waiting for up to 30.00 seconds for servers to be scanned: #<Cluster topology=Unknown[rocklov-db:27017] servers=[#<Server address=rocklov-db:27017 UNKNOWN>]>
D, [2021-03-25T20:09:59.024936 #1120] DEBUG -- : MONGODB | Server description for rocklov-db:27017 changed from 'unknown' to 'standalone'.
D, [2021-03-25T20:09:59.025402 #1120] DEBUG -- : MONGODB | Topology type 'Unknown' changed to type 'Single'.
D, [2021-03-25T20:09:59.051736 #1120] DEBUG -- : MONGODB | Server description for rocklov-db:27017 changed from 'standalone' to 'standalone'.
D, [2021-03-25T20:09:59.052138 #1120] DEBUG -- : MONGODB | There was a change in the members of the 'Single' topology.
D, [2021-03-25T20:09:59.052961 #1120] DEBUG -- : MONGODB | rocklov-db:27017 req:16 conn:1:1 sconn:50 | rocklov.delete | STARTED | {"delete"=>"users", "ordered"=>true, "deletes"=>[{"q"=>{"email"=>"evra.evra.com"}, "limit"=>0}], "$db"=>"rocklov", "lsid"=>{"id"=><BSON::Binary:0x69551360 type=uuid data=0xd986b6a7fb294a8f...>}}
D, [2021-03-25T20:09:59.065071 #1120] DEBUG -- : MONGODB | rocklov-db:27017 req:16 | rocklov.delete | SUCCEEDED | 0.012s
D, [2021-03-25T20:10:00.213988 #1120] DEBUG -- : MONGODB | Topology type 'unknown' initializing.
D, [2021-03-25T20:10:00.214583 #1120] DEBUG -- : MONGODB | There was a change in the members of the 'Unknown' topology.
D, [2021-03-25T20:10:00.214917 #1120] DEBUG -- : MONGODB | Server rocklov-db:27017 initializing.
D, [2021-03-25T20:10:00.215297 #1120] DEBUG -- : MONGODB | Waiting for up to 30.00 seconds for servers to be scanned: #<Cluster topology=Unknown[rocklov-db:27017] servers=[#<Server address=rocklov-db:27017 UNKNOWN>]>
D, [2021-03-25T20:10:00.229255 #1120] DEBUG -- : MONGODB | Server description for rocklov-db:27017 changed from 'unknown' to 'standalone'.
D, [2021-03-25T20:10:00.229578 #1120] DEBUG -- : MONGODB | Topology type 'Unknown' changed to type 'Single'.
D, [2021-03-25T20:10:00.247484 #1120] DEBUG -- : MONGODB | Server description for rocklov-db:27017 changed from 'standalone' to 'standalone'.
D, [2021-03-25T20:10:00.248225 #1120] DEBUG -- : MONGODB | There was a change in the members of the 'Single' topology.
D, [2021-03-25T20:10:00.249597 #1120] DEBUG -- : MONGODB | rocklov-db:27017 req:19 conn:1:1 sconn:52 | rocklov.delete | STARTED | {"delete"=>"users", "ordered"=>true, "deletes"=>[{"q"=>{"email"=>"evra&evra.com"}, "limit"=>0}], "$db"=>"rocklov", "lsid"=>{"id"=><BSON::Binary:0x67423240 type=uuid data=0x92fb6d68ca134003...>}}
D, [2021-03-25T20:10:00.261176 #1120] DEBUG -- : MONGODB | rocklov-db:27017 req:19 | rocklov.delete | SUCCEEDED | 0.011s
D, [2021-03-25T20:10:01.443532 #1120] DEBUG -- : MONGODB | Topology type 'unknown' initializing.
D, [2021-03-25T20:10:01.444047 #1120] DEBUG -- : MONGODB | There was a change in the members of the 'Unknown' topology.
D, [2021-03-25T20:10:01.444360 #1120] DEBUG -- : MONGODB | Server rocklov-db:27017 initializing.
D, [2021-03-25T20:10:01.444704 #1120] DEBUG -- : MONGODB | Waiting for up to 30.00 seconds for servers to be scanned: #<Cluster topology=Unknown[rocklov-db:27017] servers=[#<Server address=rocklov-db:27017 UNKNOWN>]>
D, [2021-03-25T20:10:01.459419 #1120] DEBUG -- : MONGODB | Server description for rocklov-db:27017 changed from 'unknown' to 'standalone'.
D, [2021-03-25T20:10:01.459871 #1120] DEBUG -- : MONGODB | Topology type 'Unknown' changed to type 'Single'.
D, [2021-03-25T20:10:01.476800 #1120] DEBUG -- : MONGODB | Server description for rocklov-db:27017 changed from 'standalone' to 'standalone'.
D, [2021-03-25T20:10:01.477358 #1120] DEBUG -- : MONGODB | There was a change in the members of the 'Single' topology.
D, [2021-03-25T20:10:01.478497 #1120] DEBUG -- : MONGODB | rocklov-db:27017 req:22 conn:1:1 sconn:54 | rocklov.delete | STARTED | {"delete"=>"users", "ordered"=>true, "deletes"=>[{"q"=>{"email"=>"evra@evra.com"}, "limit"=>0}], "$db"=>"rocklov", "lsid"=>{"id"=><BSON::Binary:0x65062060 type=uuid data=0xed6af84950464388...>}}
D, [2021-03-25T20:10:01.496518 #1120] DEBUG -- : MONGODB | rocklov-db:27017 req:22 | rocklov.delete | SUCCEEDED | 0.017s
D, [2021-03-25T20:10:04.832016 #1120] DEBUG -- : MONGODB | Server description for rocklov-db:27017 changed from 'standalone' to 'standalone'.
D, [2021-03-25T20:10:04.832441 #1120] DEBUG -- : MONGODB | There was a change in the members of the 'Single' topology.
D, [2021-03-25T20:10:06.489700 #1120] DEBUG -- : MONGODB | Server description for rocklov-db:27017 changed from 'standalone' to 'standalone'.
D, [2021-03-25T20:10:06.489971 #1120] DEBUG -- : MONGODB | There was a change in the members of the 'Single' topology.
D, [2021-03-25T20:10:07.746544 #1120] DEBUG -- : MONGODB | Server description for rocklov-db:27017 changed from 'standalone' to 'standalone'.
D, [2021-03-25T20:10:07.747279 #1120] DEBUG -- : MONGODB | There was a change in the members of the 'Single' topology.
D, [2021-03-25T20:10:08.413514 #1120] DEBUG -- : MONGODB | Server description for rocklov-db:27017 changed from 'standalone' to 'standalone'.
D, [2021-03-25T20:10:08.413887 #1120] DEBUG -- : MONGODB | There was a change in the members of the 'Single' topology.
D, [2021-03-25T20:10:08.414674 #1120] DEBUG -- : MONGODB | rocklov-db:27017 req:24 conn:1:2 sconn:55 | admin.endSessions | STARTED | {"endSessions"=>[{"id"=><BSON::Binary:0x65062060 type=uuid data=0xed6af84950464388...>}], "$db"=>"admin"}
D, [2021-03-25T20:10:08.425660 #1120] DEBUG -- : MONGODB | rocklov-db:27017 req:24 | admin.endSessions | SUCCEEDED | 0.011s
D, [2021-03-25T20:10:08.441450 #1120] DEBUG -- : MONGODB | Server description for rocklov-db:27017 changed from 'standalone' to 'standalone'.
D, [2021-03-25T20:10:08.441717 #1120] DEBUG -- : MONGODB | There was a change in the members of the 'Single' topology.
D, [2021-03-25T20:10:08.442441 #1120] DEBUG -- : MONGODB | rocklov-db:27017 req:26 conn:1:2 sconn:56 | admin.endSessions | STARTED | {"endSessions"=>[{"id"=><BSON::Binary:0x67423240 type=uuid data=0x92fb6d68ca134003...>}], "$db"=>"admin"}
D, [2021-03-25T20:10:08.454114 #1120] DEBUG -- : MONGODB | rocklov-db:27017 req:26 | admin.endSessions | SUCCEEDED | 0.011s
D, [2021-03-25T20:10:08.468952 #1120] DEBUG -- : MONGODB | Server description for rocklov-db:27017 changed from 'standalone' to 'standalone'.
D, [2021-03-25T20:10:08.469219 #1120] DEBUG -- : MONGODB | There was a change in the members of the 'Single' topology.
D, [2021-03-25T20:10:08.469802 #1120] DEBUG -- : MONGODB | rocklov-db:27017 req:28 conn:1:2 sconn:57 | admin.endSessions | STARTED | {"endSessions"=>[{"id"=><BSON::Binary:0x69551360 type=uuid data=0xd986b6a7fb294a8f...>}], "$db"=>"admin"}
D, [2021-03-25T20:10:08.481508 #1120] DEBUG -- : MONGODB | rocklov-db:27017 req:28 | admin.endSessions | SUCCEEDED | 0.011s
D, [2021-03-25T20:10:08.496638 #1120] DEBUG -- : MONGODB | Server description for rocklov-db:27017 changed from 'standalone' to 'standalone'.
D, [2021-03-25T20:10:08.496970 #1120] DEBUG -- : MONGODB | There was a change in the members of the 'Single' topology.
D, [2021-03-25T20:10:08.497608 #1120] DEBUG -- : MONGODB | rocklov-db:27017 req:30 conn:1:2 sconn:58 | admin.endSessions | STARTED | {"endSessions"=>[{"id"=><BSON::Binary:0x70213060 type=uuid data=0x07ca35409e1f4f46...>}], "$db"=>"admin"}
D, [2021-03-25T20:10:08.508914 #1120] DEBUG -- : MONGODB | rocklov-db:27017 req:30 | admin.endSessions | SUCCEEDED | 0.011s
D, [2021-03-25T20:10:08.523672 #1120] DEBUG -- : MONGODB | Server description for rocklov-db:27017 changed from 'standalone' to 'standalone'.
D, [2021-03-25T20:10:08.524024 #1120] DEBUG -- : MONGODB | There was a change in the members of the 'Single' topology.
D, [2021-03-25T20:10:08.524650 #1120] DEBUG -- : MONGODB | rocklov-db:27017 req:32 conn:1:2 sconn:59 | admin.endSessions | STARTED | {"endSessions"=>[{"id"=><BSON::Binary:0x68859660 type=uuid data=0xab241ef0919c4799...>}], "$db"=>"admin"}
D, [2021-03-25T20:10:08.536193 #1120] DEBUG -- : MONGODB | rocklov-db:27017 req:32 | admin.endSessions | SUCCEEDED | 0.011s
D, [2021-03-25T20:10:08.551003 #1120] DEBUG -- : MONGODB | Server description for rocklov-db:27017 changed from 'standalone' to 'standalone'.
D, [2021-03-25T20:10:08.551349 #1120] DEBUG -- : MONGODB | There was a change in the members of the 'Single' topology.
D, [2021-03-25T20:10:08.552003 #1120] DEBUG -- : MONGODB | rocklov-db:27017 req:34 conn:1:2 sconn:60 | admin.endSessions | STARTED | {"endSessions"=>[{"id"=><BSON::Binary:0x67453980 type=uuid data=0x23da6375a6c44219...>}], "$db"=>"admin"}
D, [2021-03-25T20:10:08.563503 #1120] DEBUG -- : MONGODB | rocklov-db:27017 req:34 | admin.endSessions | SUCCEEDED | 0.011s
